  main.cpp
C:\Users\Roey\source\repos\见缝插圆\main.cpp(12,15): warning C4244: “=”: 从“double”转换到“float”，可能丢失数据
C:\Users\Roey\source\repos\见缝插圆\main.cpp(29,19): warning C4244: “参数”: 从“float”转换到“int”，可能丢失数据
C:\Users\Roey\source\repos\见缝插圆\main.cpp(29,16): warning C4244: “参数”: 从“float”转换到“int”，可能丢失数据
C:\Users\Roey\source\repos\见缝插圆\main.cpp(29,13): warning C4244: “参数”: 从“float”转换到“int”，可能丢失数据
C:\Users\Roey\source\repos\见缝插圆\main.cpp(35,10): warning C4244: “初始化”: 从“int”转换到“float”，可能丢失数据
C:\Users\Roey\source\repos\见缝插圆\main.cpp(36,40): warning C4305: “参数”: 从“double”到“float”截断
C:\Users\Roey\source\repos\见缝插圆\main.cpp(39,19): warning C4244: “参数”: 从“float”转换到“int”，可能丢失数据
C:\Users\Roey\source\repos\见缝插圆\main.cpp(39,16): warning C4244: “参数”: 从“float”转换到“int”，可能丢失数据
C:\Users\Roey\source\repos\见缝插圆\main.cpp(39,13): warning C4244: “参数”: 从“float”转换到“int”，可能丢失数据
C:\Users\Roey\source\repos\见缝插圆\main.cpp(47,11): warning C4244: “初始化”: 从“int”转换到“float”，可能丢失数据
C:\Users\Roey\source\repos\见缝插圆\main.cpp(48,41): warning C4305: “参数”: 从“double”到“float”截断
C:\Users\Roey\source\repos\见缝插圆\main.cpp(51,20): warning C4244: “参数”: 从“float”转换到“int”，可能丢失数据
C:\Users\Roey\source\repos\见缝插圆\main.cpp(51,17): warning C4244: “参数”: 从“float”转换到“int”，可能丢失数据
C:\Users\Roey\source\repos\见缝插圆\main.cpp(51,14): warning C4244: “参数”: 从“float”转换到“int”，可能丢失数据
C:\Users\Roey\source\repos\见缝插圆\main.cpp(61,11): warning C4244: “初始化”: 从“int”转换到“float”，可能丢失数据
C:\Users\Roey\source\repos\见缝插圆\main.cpp(62,41): warning C4305: “参数”: 从“double”到“float”截断
C:\Users\Roey\source\repos\见缝插圆\main.cpp(64,16): warning C4244: “参数”: 从“float”转换到“int”，可能丢失数据
C:\Users\Roey\source\repos\见缝插圆\main.cpp(64,13): warning C4244: “参数”: 从“float”转换到“int”，可能丢失数据
C:\Users\Roey\source\repos\见缝插圆\main.cpp(64,10): warning C4244: “参数”: 从“float”转换到“int”，可能丢失数据
C:\Users\Roey\source\repos\见缝插圆\main.cpp(76,12): warning C4244: “参数”: 从“time_t”转换到“unsigned int”，可能丢失数据
C:\Users\Roey\source\repos\见缝插圆\main.cpp(108,15): warning C4244: “=”: 从“int”转换到“float”，可能丢失数据
C:\Users\Roey\source\repos\见缝插圆\main.cpp(109,15): warning C4244: “=”: 从“int”转换到“float”，可能丢失数据
C:\Users\Roey\source\repos\见缝插圆\main.cpp(110,8): warning C4244: “=”: 从“int”转换到“float”，可能丢失数据
C:\Users\Roey\source\repos\见缝插圆\main.cpp(113,61): warning C4244: “参数”: 从“int”转换到“float”，可能丢失数据
C:\Users\Roey\source\repos\见缝插圆\main.cpp(113,50): warning C4244: “参数”: 从“int”转换到“float”，可能丢失数据
C:\Users\Roey\source\repos\见缝插圆\main.cpp(113,39): warning C4244: “参数”: 从“int”转换到“float”，可能丢失数据
C:\Users\Roey\source\repos\见缝插圆\main.cpp(126,61): warning C4244: “参数”: 从“int”转换到“float”，可能丢失数据
C:\Users\Roey\source\repos\见缝插圆\main.cpp(126,50): warning C4244: “参数”: 从“int”转换到“float”，可能丢失数据
C:\Users\Roey\source\repos\见缝插圆\main.cpp(126,39): warning C4244: “参数”: 从“int”转换到“float”，可能丢失数据
C:\Users\Roey\source\repos\见缝插圆\main.cpp(134,23): warning C4244: “=”: 从“float”转换到“int”，可能丢失数据
C:\Users\Roey\source\repos\见缝插圆\main.cpp(135,23): warning C4244: “=”: 从“float”转换到“int”，可能丢失数据
C:\Users\Roey\source\repos\见缝插圆\main.cpp(136,23): warning C4244: “=”: 从“float”转换到“int”，可能丢失数据
  见缝插圆.vcxproj -> C:\Users\Roey\source\repos\见缝插圆\Debug\见缝插圆.exe
