  main.cpp
C:\Users\Roey\Desktop\项目\9.视觉诡计\樱花树\樱花树\main.cpp(11,27): warning C4305: “初始化”: 从“double”到“float”截断
C:\Users\Roey\Desktop\项目\9.视觉诡计\樱花树\樱花树\main.cpp(12,25): warning C4305: “初始化”: 从“double”到“float”截断
C:\Users\Roey\Desktop\项目\9.视觉诡计\樱花树\樱花树\main.cpp(29,10): warning C4244: “初始化”: 从“double”转换到“float”，可能丢失数据
C:\Users\Roey\Desktop\项目\9.视觉诡计\樱花树\樱花树\main.cpp(41,18): warning C4244: “=”: 从“double”转换到“float”，可能丢失数据
C:\Users\Roey\Desktop\项目\9.视觉诡计\樱花树\樱花树\main.cpp(42,18): warning C4244: “=”: 从“double”转换到“float”，可能丢失数据
C:\Users\Roey\Desktop\项目\9.视觉诡计\樱花树\樱花树\main.cpp(45,25): warning C4244: “参数”: 从“float”转换到“int”，可能丢失数据
C:\Users\Roey\Desktop\项目\9.视觉诡计\樱花树\樱花树\main.cpp(47,43): warning C4244: “参数”: 从“double”转换到“float”，可能丢失数据
C:\Users\Roey\Desktop\项目\9.视觉诡计\樱花树\樱花树\main.cpp(50,32): warning C4244: “参数”: 从“float”转换到“int”，可能丢失数据
C:\Users\Roey\Desktop\项目\9.视觉诡计\樱花树\樱花树\main.cpp(50,25): warning C4244: “参数”: 从“float”转换到“int”，可能丢失数据
C:\Users\Roey\Desktop\项目\9.视觉诡计\樱花树\樱花树\main.cpp(50,16): warning C4244: “参数”: 从“float”转换到“int”，可能丢失数据
C:\Users\Roey\Desktop\项目\9.视觉诡计\樱花树\樱花树\main.cpp(50,7): warning C4244: “参数”: 从“float”转换到“int”，可能丢失数据
C:\Users\Roey\Desktop\项目\9.视觉诡计\樱花树\樱花树\main.cpp(56,60): warning C4305: “参数”: 从“double”到“float”截断
C:\Users\Roey\Desktop\项目\9.视觉诡计\樱花树\樱花树\main.cpp(57,61): warning C4305: “参数”: 从“double”到“float”截断
C:\Users\Roey\Desktop\项目\9.视觉诡计\樱花树\樱花树\main.cpp(58,62): warning C4305: “参数”: 从“double”到“float”截断
C:\Users\Roey\Desktop\项目\9.视觉诡计\樱花树\樱花树\main.cpp(64,24): warning C4244: “初始化”: 从“double”转换到“float”，可能丢失数据
C:\Users\Roey\Desktop\项目\9.视觉诡计\樱花树\樱花树\main.cpp(80,73): warning C4305: “参数”: 从“double”到“float”截断
C:\Users\Roey\Desktop\项目\9.视觉诡计\樱花树\樱花树\main.cpp(84,22): warning C4244: “参数”: 从“float”转换到“int”，可能丢失数据
C:\Users\Roey\Desktop\项目\9.视觉诡计\樱花树\樱花树\main.cpp(84,15): warning C4244: “参数”: 从“float”转换到“int”，可能丢失数据
C:\Users\Roey\Desktop\项目\9.视觉诡计\樱花树\樱花树\main.cpp(86,41): warning C4244: “参数”: 从“float”转换到“int”，可能丢失数据
C:\Users\Roey\Desktop\项目\9.视觉诡计\樱花树\樱花树\main.cpp(86,22): warning C4244: “参数”: 从“float”转换到“int”，可能丢失数据
C:\Users\Roey\Desktop\项目\9.视觉诡计\樱花树\樱花树\main.cpp(86,15): warning C4244: “参数”: 从“float”转换到“int”，可能丢失数据
C:\Users\Roey\Desktop\项目\9.视觉诡计\樱花树\樱花树\main.cpp(98,12): warning C4244: “参数”: 从“time_t”转换到“unsigned int”，可能丢失数据
C:\Users\Roey\Desktop\项目\9.视觉诡计\樱花树\樱花树\main.cpp(103,85): warning C4305: “参数”: 从“double”到“float”截断
C:\Users\Roey\Desktop\项目\9.视觉诡计\樱花树\樱花树\main.cpp(103,42): warning C4244: “参数”: 从“double”转换到“float”，可能丢失数据
C:\Users\Roey\Desktop\项目\9.视觉诡计\樱花树\樱花树\main.cpp(116,57): warning C4305: “参数”: 从“double”到“float”截断
C:\Users\Roey\Desktop\项目\9.视觉诡计\樱花树\樱花树\main.cpp(118,51): warning C4305: “参数”: 从“double”到“float”截断
C:\Users\Roey\Desktop\项目\9.视觉诡计\樱花树\樱花树\main.cpp(123,87): warning C4305: “参数”: 从“double”到“float”截断
C:\Users\Roey\Desktop\项目\9.视觉诡计\樱花树\樱花树\main.cpp(123,44): warning C4244: “参数”: 从“double”转换到“float”，可能丢失数据
  樱花树.vcxproj -> C:\Users\Roey\Desktop\项目\9.视觉诡计\樱花树\樱花树\Debug\樱花树.exe
